Determining if the pthread_create exist failed with the following output:
Change Dir: /home/arthur/turtle_sim_ws/build/CMakeFiles/CMakeTmp

Run Build Command:"/usr/bin/make" "cmTC_5d6ce/fast"
/usr/bin/make -f CMakeFiles/cmTC_5d6ce.dir/build.make CMakeFiles/cmTC_5d6ce.dir/build
make[1]: Entering directory '/home/arthur/turtle_sim_ws/build/CMakeFiles/CMakeTmp'
Building C object CMakeFiles/cmTC_5d6ce.dir/CheckSymbolExists.c.o
/usr/bin/cc    -o CMakeFiles/cmTC_5d6ce.dir/CheckSymbolExists.c.o   -c /home/arthur/turtle_sim_ws/build/CMakeFiles/CMakeTmp/CheckSymbolExists.c
Linking C executable cmTC_5d6ce
/usr/bin/cmake -E cmake_link_script CMakeFiles/cmTC_5d6ce.dir/link.txt --verbose=1
/usr/bin/cc      -rdynamic CMakeFiles/cmTC_5d6ce.dir/CheckSymbolExists.c.o  -o cmTC_5d6ce 
CMakeFiles/cmTC_5d6ce.dir/CheckSymbolExists.c.o: In function `main':
CheckSymbolExists.c:(.text+0x1b): undefined reference to `pthread_create'
collect2: error: ld returned 1 exit status
CMakeFiles/cmTC_5d6ce.dir/build.make:97: recipe for target 'cmTC_5d6ce' failed
make[1]: *** [cmTC_5d6ce] Error 1
make[1]: Leaving directory '/home/arthur/turtle_sim_ws/build/CMakeFiles/CMakeTmp'
Makefile:126: recipe for target 'cmTC_5d6ce/fast' failed
make: *** [cmTC_5d6ce/fast] Error 2

File /home/arthur/turtle_sim_ws/build/CMakeFiles/CMakeTmp/CheckSymbolExists.c:
/* */
#include <pthread.h>

int main(int argc, char** argv)
{
  (void)argv;
#ifndef pthread_create
  return ((int*)(&pthread_create))[argc];
#else
  (void)argc;
  return 0;
#endif
}

Determining if the function pthread_create exists in the pthreads failed with the following output:
Change Dir: /home/arthur/turtle_sim_ws/build/CMakeFiles/CMakeTmp

Run Build Command:"/usr/bin/make" "cmTC_83c7a/fast"
/usr/bin/make -f CMakeFiles/cmTC_83c7a.dir/build.make CMakeFiles/cmTC_83c7a.dir/build
make[1]: Entering directory '/home/arthur/turtle_sim_ws/build/CMakeFiles/CMakeTmp'
Building C object CMakeFiles/cmTC_83c7a.dir/CheckFunctionExists.c.o
/usr/bin/cc   -DCHECK_FUNCTION_EXISTS=pthread_create   -o CMakeFiles/cmTC_83c7a.dir/CheckFunctionExists.c.o   -c /usr/share/cmake-3.10/Modules/CheckFunctionExists.c
Linking C executable cmTC_83c7a
/usr/bin/cmake -E cmake_link_script CMakeFiles/cmTC_83c7a.dir/link.txt --verbose=1
/usr/bin/cc  -DCHECK_FUNCTION_EXISTS=pthread_create    -rdynamic CMakeFiles/cmTC_83c7a.dir/CheckFunctionExists.c.o  -o cmTC_83c7a -lpthreads 
/usr/bin/ld: cannot find -lpthreads
collect2: error: ld returned 1 exit status
CMakeFiles/cmTC_83c7a.dir/build.make:97: recipe for target 'cmTC_83c7a' failed
make[1]: *** [cmTC_83c7a] Error 1
make[1]: Leaving directory '/home/arthur/turtle_sim_ws/build/CMakeFiles/CMakeTmp'
Makefile:126: recipe for target 'cmTC_83c7a/fast' failed
make: *** [cmTC_83c7a/fast] Error 2


